<?xml version="1.0" encoding="UTF-8"?>
<testsuite xmlns:xsi="http://www.w3.org/2001/XMLSchema-instance" xsi:noNamespaceSchemaLocation="https://maven.apache.org/surefire/maven-surefire-plugin/xsd/surefire-test-report-3.0.xsd" version="3.0" name="com.example.demo.BackendExampleApplicationTests" time="5.345" tests="1" errors="0" skipped="0" failures="0">
  <properties>
[...]
</properties>
  <testcase name="contextLoads" classname="com.example.demo.BackendExampleApplicationTests" time="1.804">
    <system-out><![CDATA[00:21:36.122 [main] INFO org.springframework.test.context.support.AnnotationConfigContextLoaderUtils -- Could not detect default configuration classes for test class [com.example.demo.BackendExampleApplicationTests]: BackendExampleApplicationTests does not declare any static, non-private, non-final, nested classes annotated with @Configuration.
00:21:36.249 [main] INFO org.springframework.boot.test.context.SpringBootTestContextBootstrapper -- Found @SpringBootConfiguration com.example.demo.App for test class com.example.demo.BackendExampleApplicationTests

  .   ____          _            __ _ _
 /\\ / ___'_ __ _ _(_)_ __  __ _ \ \ \ \
( ( )\___ | '_ | '_| | '_ \/ _` | \ \ \ \
 \\/  ___)| |_)| | | | | || (_| |  ) ) ) )
  '  |____| .__|_| |_|_| |_\__, | / / / /
 =========|_|==============|___/=/_/_/_/
 :: Spring Boot ::                (v3.1.0)

2023-06-15T00:21:36.703-03:00  INFO 32559 --- [           main] c.e.demo.BackendExampleApplicationTests  : Starting BackendExampleApplicationTests using Java 17.0.6 with PID 32559 (started by jorge in /home/jorge/Desktop/backend-example)
2023-06-15T00:21:36.706-03:00  INFO 32559 --- [           main] c.e.demo.BackendExampleApplicationTests  : No active profile set, falling back to 1 default profile: "default"
2023-06-15T00:21:39.336-03:00  INFO 32559 --- [           main] c.e.demo.BackendExampleApplicationTests  : Started BackendExampleApplicationTests in 2.917 seconds (process running for 4.251)
]]></system-out>
  </testcase>
</testsuite>